<?xml version="1.0" encoding="UTF-8"?>
<!-- Generated by org.testng.reporters.JUnitReportReporter -->
<testsuite skipped="0" hostname="DESKTOP-RNIIRNI" name="OrangeHRM.FuntionalTesting" tests="3" failures="0" timestamp="18 Jul 2021 02:44:29 GMT" time="27.805" errors="0">
  <testcase name="UserOnHomePage" time="13.264" classname="OrangeHRM.FuntionalTesting"/>
  <testcase name="LogIn" time="11.341" classname="OrangeHRM.FuntionalTesting"/>
  <testcase name="LogOut" time="3.200" classname="OrangeHRM.FuntionalTesting"/>
</testsuite> <!-- OrangeHRM.FuntionalTesting -->
